\BOOKMARK [0][-]{chapter*.2}{Abstract}{}% 1
\BOOKMARK [0][-]{chapter*.3}{Acronyms and Abbreviations}{}% 2
\BOOKMARK [0][-]{chapter.1}{Introduction}{}% 3
\BOOKMARK [1][-]{section.1.1}{Background}{chapter.1}% 4
\BOOKMARK [2][-]{subsection.1.1.1}{Technology}{section.1.1}% 5
\BOOKMARK [2][-]{subsection.1.1.2}{The Danish Healthcare System}{section.1.1}% 6
\BOOKMARK [2][-]{subsection.1.1.3}{Target Group and Market Segment}{section.1.1}% 7
\BOOKMARK [1][-]{section.1.2}{Problem Statement}{chapter.1}% 8
\BOOKMARK [2][-]{subsection.1.2.1}{Delimitation}{section.1.2}% 9
\BOOKMARK [0][-]{chapter.2}{Methodology}{}% 10
\BOOKMARK [1][-]{section.2.1}{Research design}{chapter.2}% 11
\BOOKMARK [1][-]{section.2.2}{Literature search method}{chapter.2}% 12
\BOOKMARK [1][-]{section.2.3}{Research interviews}{chapter.2}% 13
\BOOKMARK [1][-]{section.2.4}{Analyzing qualitative data}{chapter.2}% 14
\BOOKMARK [1][-]{section.2.5}{Economy}{chapter.2}% 15
\BOOKMARK [2][-]{subsection.2.5.1}{Cost-effectiveness analysis}{section.2.5}% 16
\BOOKMARK [0][-]{chapter.3}{Theory}{}% 17
\BOOKMARK [1][-]{section.3.1}{The Danish Healthcare System}{chapter.3}% 18
\BOOKMARK [1][-]{section.3.2}{ICT in telemedicine}{chapter.3}% 19
\BOOKMARK [0][-]{chapter.4}{Empirical data}{}% 20
\BOOKMARK [1][-]{section.4.1}{Interview with Vibeke Lynggard, post.doc, Cardiovascular Clinic, Herning Hospital}{chapter.4}% 21
\BOOKMARK [2][-]{subsection.4.1.1}{Outcome of the interview}{section.4.1}% 22
\BOOKMARK [1][-]{section.4.2}{Economy and effect}{chapter.4}% 23
\BOOKMARK [2][-]{subsection.4.2.1}{Phase 1}{section.4.2}% 24
\BOOKMARK [2][-]{subsection.4.2.2}{Phase 2}{section.4.2}% 25
\BOOKMARK [2][-]{subsection.4.2.3}{Phase 3}{section.4.2}% 26
\BOOKMARK [2][-]{subsection.4.2.4}{calculations}{section.4.2}% 27
\BOOKMARK [0][-]{chapter.5}{Analysis}{}% 28
\BOOKMARK [1][-]{subsection.5.0.1}{Impact of ICT in homecare}{chapter.5}% 29
\BOOKMARK [2][-]{subsection.5.0.2}{Implementation of telemedicine in Denmark}{subsection.5.0.1}% 30
\BOOKMARK [2][-]{subsection.5.0.3}{Relative\220s Experiences of cardiac Patient\220s telemedicine rehabilitation}{subsection.5.0.1}% 31
\BOOKMARK [2][-]{subsection.5.0.4}{Comparison with telemedicine solution for COPD patients}{subsection.5.0.1}% 32
\BOOKMARK [2][-]{subsection.5.0.5}{Challenges within telemedicine rehabilitation}{subsection.5.0.1}% 33
\BOOKMARK [1][-]{section.5.1}{Cost-effective}{chapter.5}% 34
\BOOKMARK [0][-]{chapter.6}{Discussion}{}% 35
\BOOKMARK [0][-]{chapter.7}{Recommendation}{}% 36
\BOOKMARK [0][-]{chapter.8}{Perspectivation}{}% 37
\BOOKMARK [1][-]{subsection.8.0.1}{Ongoing project in Netherlands}{chapter.8}% 38
\BOOKMARK [0][-]{chapter.9}{Conclusion}{}% 39
\BOOKMARK [0][-]{section*.26}{References}{}% 40
\BOOKMARK [0][-]{appendix.A}{Appendix}{}% 41
\BOOKMARK [0][-]{appendix.B}{aap1}{}% 42
\BOOKMARK [0][-]{section*.27}{List of Figures}{}% 43
\BOOKMARK [0][-]{section*.28}{List of Tables}{}% 44
